<?xml version="1.0" encoding="UTF-8"?>
<!-- Generated by org.testng.reporters.JUnitXMLReporter -->
<testsuite ignored="0" hostname="DELL-PC" failures="2" tests="4" name="Test" time="265.255" errors="0" timestamp="06 Mar 2021 16:04:44 GMT">
  <testcase classname="testcasespackage.OrangeHRMTests" name="loginTest" time="11.715"/>
  <testcase classname="testcasespackage.OrangeHRMTests" name="verifyLoginTitle" time="8.659"/>
  <testcase classname="testcasespackage.OrangeHRMTests" name="usersTest" time="14.577">
    <failure type="java.lang.AssertionError" message="expected [https://opensource-demo.orangehrmlive.com/index.php/dashboard] but found [https://opensource-demo.orangehrmlive.com/index.php/admin/viewSystemUsers]">
      <![CDATA[java.lang.AssertionError: expected [https://opensource-demo.orangehrmlive.com/index.php/dashboard] but found [https://opensource-demo.orangehrmlive.com/index.php/admin/viewSystemUsers]
at testcasespackage.OrangeHRMTests.usersTest(OrangeHRMTests.java:51)
... Removed 31 stack frames]]>
    </failure>
  </testcase> <!-- usersTest -->
  <testcase classname="testcasespackage.OrangeHRMTests" name="LogoutTest" time="67.641">
    <failure type="org.openqa.selenium.TimeoutException" message="Expected condition failed: waiting for visibility of [[FirefoxDriver: firefox on WINDOWS (4387dd17-83c6-479d-8d0a-6c75a7953ba8)] -&amp;gt; xpath: //a[text()=&amp;apos;Logout&amp;apos;]] (tried for 60 second(s) with 500 milliseconds interval)
Build info: version: &amp;apos;4.0.0-beta-1&amp;apos;, revision: &amp;apos;9c03156c2b&amp;apos;
System info: host: &amp;apos;DELL-PC&amp;apos;, ip: &amp;apos;172.31.128.1&amp;apos;, os.name: &amp;apos;Windows 10&amp;apos;, os.arch: &amp;apos;amd64&amp;apos;, os.version: &amp;apos;10.0&amp;apos;, java.version: &amp;apos;14&amp;apos;
Driver info: org.openqa.selenium.firefox.FirefoxDriver
Capabilities {acceptInsecureCerts: true, browserName: firefox, browserVersion: 85.0, javascriptEnabled: true, moz:accessibilityChecks: false, moz:buildID: 20210118153634, moz:geckodriverVersion: 0.29.0, moz:headless: false, moz:processID: 5572, moz:profile: C:\Users\DELL\AppData\Local..., moz:shutdownTimeout: 60000, moz:useNonSpecCompliantPointerOrigin: false, moz:webdriverClick: true, pageLoadStrategy: normal, platform: WINDOWS, platformName: WINDOWS, platformVersion: 10.0, rotatable: false, setWindowRect: true, strictFileInteractability: false, timeouts: {implicit: 0, pageLoad: 300000, script: 30000}, unhandledPromptBehavior: dismiss and notify}
Session ID: 4387dd17-83c6-479d-8d0a-6c75a7953ba8">
      <![CDATA[org.openqa.selenium.TimeoutException: Expected condition failed: waiting for visibility of [[FirefoxDriver: firefox on WINDOWS (4387dd17-83c6-479d-8d0a-6c75a7953ba8)] -> xpath: //a[text()='Logout']] (tried for 60 second(s) with 500 milliseconds interval)
Build info: version: '4.0.0-beta-1', revision: '9c03156c2b'
System info: host: 'DELL-PC', ip: '172.31.128.1', os.name: 'Windows 10', os.arch: 'amd64', os.version: '10.0', java.version: '14'
Driver info: org.openqa.selenium.firefox.FirefoxDriver
Capabilities {acceptInsecureCerts: true, browserName: firefox, browserVersion: 85.0, javascriptEnabled: true, moz:accessibilityChecks: false, moz:buildID: 20210118153634, moz:geckodriverVersion: 0.29.0, moz:headless: false, moz:processID: 5572, moz:profile: C:\Users\DELL\AppData\Local..., moz:shutdownTimeout: 60000, moz:useNonSpecCompliantPointerOrigin: false, moz:webdriverClick: true, pageLoadStrategy: normal, platform: WINDOWS, platformName: WINDOWS, platformVersion: 10.0, rotatable: false, setWindowRect: true, strictFileInteractability: false, timeouts: {implicit: 0, pageLoad: 300000, script: 30000}, unhandledPromptBehavior: dismiss and notify}
Session ID: 4387dd17-83c6-479d-8d0a-6c75a7953ba8
at org.openqa.selenium.support.ui.WebDriverWait.timeoutException(WebDriverWait.java:138)
at org.openqa.selenium.support.ui.FluentWait.until(FluentWait.java:231)
at methodpackages.Utility.actionsMethods(Utility.java:44)
at pagespackage.HomePage.logoutFromApp(HomePage.java:36)
at testcasespackage.OrangeHRMTests.LogoutTest(OrangeHRMTests.java:66)
... Removed 25 stack frames]]>
    </failure>
  </testcase> <!-- LogoutTest -->
</testsuite> <!-- Test -->
